11:50:53 ENTER: queued interrupt msg='why are the database volumes being deleted', agent_running=True
11:50:53 interrupt fired: msg='why are the database volumes being deleted', children=0, parent._interrupt=True
17:01:37 ENTER: queued interrupt msg='stop trying to build locally. commit and push to initiate re', agent_running=True
17:01:37 interrupt fired: msg='stop trying to build locally. commit and push to initiate re', children=0, parent._interrupt=True
17:09:04 interrupt fired: msg='use a local bind mount rather than podman volumes', children=0, parent._interrupt=True
17:09:04 ENTER: queued interrupt msg='use a local bind mount rather than podman volumes', agent_running=True
17:13:23 ENTER: queued interrupt msg='fix this: \n[Pasted text #1: 9 lines → /Users/bernardchase/.h', agent_running=True
17:13:23 interrupt fired: msg='fix this: \n[Pasted text #1: 9 lines → /Users/bernardchase/.h', children=0, parent._interrupt=True
17:52:03 ENTER: queued interrupt msg='do not build locally. commit and push to initiate remote bui', agent_running=True
17:52:03 interrupt fired: msg='do not build locally. commit and push to initiate remote bui', children=0, parent._interrupt=True
22:04:42 ENTER: queued interrupt msg='why is python being added to the dockerfile', agent_running=True
22:04:42 interrupt fired: msg='why is python being added to the dockerfile', children=0, parent._interrupt=True
14:45:46 ENTER: queued interrupt msg='add the data cache directory to the list of directories that', agent_running=True
14:45:46 interrupt fired: msg='add the data cache directory to the list of directories that', children=0, parent._interrupt=True
15:09:50 interrupt fired: msg='also check the status of the latest build', children=0, parent._interrupt=True
15:09:50 ENTER: queued interrupt msg='also check the status of the latest build', agent_running=True
15:41:17 ENTER: queued interrupt msg='hermes --resume 20260603_153421_d87eb7', agent_running=True
15:41:17 interrupt fired: msg='hermes --resume 20260603_153421_d87eb7', children=0, parent._interrupt=True
15:44:36 ENTER: queued interrupt msg='echo __READY__', agent_running=True
15:44:36 interrupt fired: msg='echo __READY__', children=0, parent._interrupt=True
15:45:47 ENTER: queued interrupt msg='hermes --resume 20260603_153421_d87eb7', agent_running=True
15:45:47 interrupt fired: msg='hermes --resume 20260603_153421_d87eb7', children=0, parent._interrupt=True
15:46:09 ENTER: queued interrupt msg='hermes --resume 20260603_153421_d87eb7', agent_running=True
15:46:09 interrupt fired: msg='hermes --resume 20260603_153421_d87eb7', children=0, parent._interrupt=True
18:48:23 ENTER: queued interrupt msg='capture tmux pane 0:10.0 since last "TAG=dev podman-compose ', agent_running=True
18:48:23 interrupt fired: msg='capture tmux pane 0:10.0 since last "TAG=dev podman-compose ', children=0, parent._interrupt=True
18:48:34 ENTER: queued interrupt msg='capture tmux pane 0:10.0 since last "TAG=dev podman-compose ', agent_running=True
18:48:34 interrupt fired: msg='capture tmux pane 0:10.0 since last "TAG=dev podman-compose ', children=0, parent._interrupt=True
